
Showing logs for build [32mjbromero12-go-demo-6-master-j72t5-2[0m stage [32mfrom-build-pack[0m and container [32mcredential-initializer[0m
{"level":"info","ts":1603045281.811807,"caller":"creds-init/main.go:44","msg":"Credentials initialized."}

Showing logs for build [32mjbromero12-go-demo-6-master-j72t5-2[0m stage [32mfrom-build-pack[0m and container [32mworking-dir-initializer[0m

Showing logs for build [32mjbromero12-go-demo-6-master-j72t5-2[0m stage [32mfrom-build-pack[0m and container [32mplace-tools[0m

Showing logs for build [32mjbromero12-go-demo-6-master-j72t5-2[0m stage [32mfrom-build-pack[0m and container [32mstep-git-source-jbromero12-go-demo-6-master-j72t5-8k8h2[0m
{"level":"info","ts":1603045341.2463782,"caller":"git/git.go:105","msg":"Successfully cloned https://github.com/**********/go-demo-6.git @ v1.0.500 in path /workspace/source"}
{"level":"warn","ts":1603045341.246496,"caller":"git/git.go:152","msg":"Unexpected error: creating symlink: symlink /tekton/home/.ssh /root/.ssh: file exists"}
{"level":"info","ts":1603045341.285135,"caller":"git/git.go:133","msg":"Successfully initialized and updated submodules in path /workspace/source"}

Showing logs for build [32mjbromero12-go-demo-6-master-j72t5-2[0m stage [32mfrom-build-pack[0m and container [32mstep-setup-builder-home[0m

Showing logs for build [32mjbromero12-go-demo-6-master-j72t5-2[0m stage [32mfrom-build-pack[0m and container [32mstep-git-merge[0m
Using SHAs from PULL_REFS=master:4a02e0ee04e8662a4f99ff0f761241345750900f
WARNING: no SHAs to merge, falling back to initial cloned commit

Showing logs for build [32mjbromero12-go-demo-6-master-j72t5-2[0m stage [32mfrom-build-pack[0m and container [32mstep-setup-jx-git-credentials[0m
Generated Git credentials file /workspace/xdg_config/git/credentials

Showing logs for build [32mjbromero12-go-demo-6-master-j72t5-2[0m stage [32mfrom-build-pack[0m and container [32mstep-build-make-build[0m
go: downloading gopkg.in/mgo.v2 v2.0.0-20180705113604-9856a29383ce
go: downloading github.com/prometheus/client_golang v0.9.2
go: extracting github.com/prometheus/client_golang v0.9.2
go: downloading github.com/prometheus/client_model v0.0.0-20180712105110-5c3871d89910
go: downloading github.com/golang/protobuf v1.2.0
go: downloading github.com/beorn7/perks v0.0.0-20180321164747-3a771d992973
go: downloading github.com/prometheus/common v0.0.0-20181126121408-4724e9255275
go: downloading github.com/prometheus/procfs v0.0.0-20181204211112-1dc9a6cbc91a
go: extracting github.com/beorn7/perks v0.0.0-20180321164747-3a771d992973
go: extracting github.com/prometheus/client_model v0.0.0-20180712105110-5c3871d89910
go: extracting gopkg.in/mgo.v2 v2.0.0-20180705113604-9856a29383ce
go: extracting github.com/prometheus/common v0.0.0-20181126121408-4724e9255275
go: downloading github.com/matttproud/golang_protobuf_extensions v1.0.1
go: extracting github.com/prometheus/procfs v0.0.0-20181204211112-1dc9a6cbc91a
go: extracting github.com/matttproud/golang_protobuf_extensions v1.0.1
go: extracting github.com/golang/protobuf v1.2.0
go: finding gopkg.in/mgo.v2 v2.0.0-20180705113604-9856a29383ce
go: finding github.com/prometheus/client_golang v0.9.2
go: finding github.com/beorn7/perks v0.0.0-20180321164747-3a771d992973
go: finding github.com/golang/protobuf v1.2.0
go: finding github.com/prometheus/client_model v0.0.0-20180712105110-5c3871d89910
go: finding github.com/prometheus/common v0.0.0-20181126121408-4724e9255275
go: finding github.com/matttproud/golang_protobuf_extensions v1.0.1
go: finding github.com/prometheus/procfs v0.0.0-20181204211112-1dc9a6cbc91a
CGO_ENABLED=0 GO15VENDOREXPERIMENT=1 go build -ldflags '' -o bin/go-demo-6 main.go

Showing logs for build [32mjbromero12-go-demo-6-master-j72t5-2[0m stage [32mfrom-build-pack[0m and container [32mstep-build-container-build[0m
E1018 18:22:38.500584       9 aws_credentials.go:77] while getting AWS credentials NoCredentialProviders: no valid providers in chain. Deprecated.
	For verbose messaging see aws.Config.CredentialsChainVerboseErrors
[36mINFO[0m[0000] Using dockerignore file: /workspace/source/.dockerignore 
[36mINFO[0m[0000] No base image, nothing to extract            
[36mINFO[0m[0000] Built cross stage deps: map[]                
[36mINFO[0m[0000] No base image, nothing to extract            
[36mINFO[0m[0000] Executing 0 build triggers                   
[36mINFO[0m[0000] cmd: EXPOSE                                  
[36mINFO[0m[0000] Adding exposed port: 8080/tcp                
[36mINFO[0m[0000] Checking for cached layer AKSClusterDevopsPrueba2.azurecr.io/todo/cache:f0e74ba8a0a06d47d5ea59d233be33a19954748f2e65b5b0fd4018801df6fddf... 
[36mINFO[0m[0002] Using caching version of cmd: COPY ./bin/ /  
[36mINFO[0m[0002] Skipping unpacking as no commands require it. 
[36mINFO[0m[0002] EXPOSE 8080                                  
[36mINFO[0m[0002] cmd: EXPOSE                                  
[36mINFO[0m[0002] Adding exposed port: 8080/tcp                
[36mINFO[0m[0002] No files changed in this command, skipping snapshotting. 
[36mINFO[0m[0002] ENTRYPOINT ["/go-demo-6"]                    
[36mINFO[0m[0002] No files changed in this command, skipping snapshotting. 
[36mINFO[0m[0002] COPY ./bin/ /                                
[36mINFO[0m[0002] Found cached layer, extracting to filesystem 

Showing logs for build [32mjbromero12-go-demo-6-master-j72t5-2[0m stage [32mfrom-build-pack[0m and container [32mstep-build-post-build[0m
no CVE provider running in the current ** namespace so skip adding image to be analysed

Showing logs for build [32mjbromero12-go-demo-6-master-j72t5-2[0m stage [32mfrom-build-pack[0m and container [32mstep-promote-changelog[0m
Converted /workspace/source/charts/go-demo-6 to an unshallow repository
Generating change log from git ref 453bf962d5f1a35c4612fa835bd30812e5ec5f17 => 692a4b055b3a9d3ec1c56aa011e54c411a10762d
WARNING: No release found for **********/go-demo-6 and tag v1.0.500 so creating a new release
Updated the release information at https://github.com/**********/go-demo-6/releases/tag/v1.0.500
generated: /workspace/source/charts/go-demo-6/templates/release.yaml
Created Release go-demo-6-1-0-500 resource in namespace **
Updating PipelineActivity **********-go-demo-6-master-2 with version 1.0.500
Updated PipelineActivities **********-go-demo-6-master-2 with release notes URL: https://github.com/**********/go-demo-6/releases/tag/v1.0.500

Showing logs for build [32mjbromero12-go-demo-6-master-j72t5-2[0m stage [32mfrom-build-pack[0m and container [32mstep-promote-helm-release[0m
WARNING: No $CHART_REPOSITORY defined so using the default value of: http://jenkins-x-chartmuseum:8080
Adding missing Helm repo: storage.googleapis.com https://storage.googleapis.com/chartmuseum.jenkins-x.io
Successfully added Helm repository storage.googleapis.com.
Adding missing Helm repo: jenkins-x-chartmuseum http://jenkins-x-chartmuseum:8080
Successfully added Helm repository jenkins-x-chartmuseum.
WARNING: No $CHART_REPOSITORY defined so using the default value of: http://jenkins-x-chartmuseum:8080
WARNING: No $CHART_REPOSITORY defined so using the default value of: http://jenkins-x-chartmuseum:8080
Uploading chart file go-demo-6-1.0.500.tgz to http://jenkins-x-chartmuseum:8080/api/charts
Received 201 response: {"saved":true}

Showing logs for build [32mjbromero12-go-demo-6-master-j72t5-2[0m stage [32mfrom-build-pack[0m and container [32mstep-promote-jx-promote[0m
WARNING: prow based install so skip waiting for the merge of Pull Requests to go green as currently there is an issue with gettingstatuses from the PR, see https://github.com/jenkins-x/**/issues/2410
WARNING: No $CHART_REPOSITORY defined so using the default value of: http://jenkins-x-chartmuseum:8080
Promoting app go-demo-6 version 1.0.500 to namespace **-staging
Created Pull Request: https://github.com/**********/environment-**-rocks-staging/pull/2
Added label updatebot to Pull Request https://github.com/**********/environment-**-rocks-staging/pull/2
got git provider status pending from PR https://github.com/**********/environment-**-rocks-staging/pull/2
got git provider status pending from PR https://github.com/**********/environment-**-rocks-staging/pull/2
got git provider status pending from PR https://github.com/**********/environment-**-rocks-staging/pull/2
got git provider status pending from PR https://github.com/**********/environment-**-rocks-staging/pull/2
Pull Request https://github.com/**********/environment-**-rocks-staging/pull/2 is merged at sha f6627b4d2e6a64c012cd784771291cc46761515d
Pull Request merged but we are not waiting for the update pipeline to complete!
WARNING: Could not find the service URL in namespace **-staging for names go-demo-6, **-go-demo-6, **-staging-go-demo-6
